<?xml version="1.0" encoding="UTF-8"?>
<!-- Generated by org.testng.reporters.JUnitXMLReporter -->
<testsuite hostname="Nacers-MacBook-Pro.local" ignored="0" name="Command line test" tests="3" failures="0" timestamp="28 Apr 2018 18:14:52 GMT" time="0.057" errors="0">
  <testcase name="@BeforeMethod setUp" time="0.0" classname="base.CommomAPI">
    <failure type="org.testng.TestNGException" message="
Parameter &amp;apos;url&amp;apos; is required by BeforeMethod on method setUp but has not been marked @Optional or defined
">
      <![CDATA[org.testng.TestNGException: 
Parameter 'url' is required by BeforeMethod on method setUp but has not been marked @Optional or defined

... Removed 35 stack frames]]>
    </failure>
  </testcase> <!-- @BeforeMethod setUp -->
  <testcase name="@AfterMethod close" time="0.0" classname="base.CommomAPI">
    <skipped/>
  </testcase> <!-- @AfterMethod close -->
  <testcase name="@BeforeMethod setUp" time="0.0" classname="base.CommomAPI">
    <failure type="org.testng.TestNGException" message="
Parameter &amp;apos;url&amp;apos; is required by BeforeMethod on method setUp but has not been marked @Optional or defined
">
      <![CDATA[org.testng.TestNGException: 
Parameter 'url' is required by BeforeMethod on method setUp but has not been marked @Optional or defined

... Removed 35 stack frames]]>
    </failure>
  </testcase> <!-- @BeforeMethod setUp -->
  <testcase name="@AfterMethod close" time="0.0" classname="base.CommomAPI">
    <skipped/>
  </testcase> <!-- @AfterMethod close -->
  <testcase name="@BeforeMethod setUp" time="0.0" classname="base.CommomAPI">
    <skipped/>
  </testcase> <!-- @BeforeMethod setUp -->
  <testcase name="@AfterMethod close" time="0.0" classname="base.CommomAPI">
    <skipped/>
  </testcase> <!-- @AfterMethod close -->
  <testcase name="clickOnEelemtHBOP" time="0.0" classname="testclickonelement.TestClickOnElement">
    <skipped/>
  </testcase> <!-- clickOnEelemtHBOP -->
  <testcase name="manyElemets" time="0.0" classname="testsearch.TestSearch">
    <skipped/>
  </testcase> <!-- manyElemets -->
  <testcase name="oneElement" time="0.0" classname="testsearch.TestSearch">
    <skipped/>
  </testcase> <!-- oneElement -->
</testsuite> <!-- Command line test -->
