<?xml version="1.0" encoding="UTF-8" ?>
<testsuite tests="4" failures="3" name="TestSuite" time="31.289" errors="0" skipped="0">
  <properties>
[...]
</properties>
  <testcase classname="menu.TestDropBoxMenu" name="menu" time="10.284"/>
  <testcase classname="search.TestLandingPage" name="test" time="10.095">
    <failure message="no such element: Unable to locate element: {&quot;method&quot;:&quot;id&quot;,&quot;selector&quot;:&quot;twotabsearchtextbox&quot;}
  (Session info: chrome=66.0.3359.139)
  (Driver info: chromedriver=2.37.544337 (8c0344a12e552148c185f7d5117db1f28d6c9e85),platform=Mac OS X 10.13.4 x86_64) (WARNING: The server did not provide any stacktrace information)
Command duration or timeout: 0 milliseconds
For documentation on this error, please visit: http://seleniumhq.org/exceptions/no_such_element.html
Build info: version: &apos;3.11.0&apos;, revision: &apos;e59cfb3&apos;, time: &apos;2018-03-11T20:26:55.152Z&apos;
System info: host: &apos;Nacers-MacBook-Pro.local&apos;, ip: &apos;2604:2000:718b:a700:0:0:0:1%en0&apos;, os.name: &apos;Mac OS X&apos;, os.arch: &apos;x86_64&apos;, os.version: &apos;10.13.4&apos;, java.version: &apos;1.8.0_162&apos;
Driver info: org.openqa.selenium.chrome.ChromeDriver
Capabilities {acceptInsecureCerts: false, acceptSslCerts: false, applicationCacheEnabled: false, browserConnectionEnabled: false, browserName: chrome, chrome: {chromedriverVersion: 2.37.544337 (8c0344a12e5521..., userDataDir: /var/folders/84/j71cjxl51nb...}, cssSelectorsEnabled: true, databaseEnabled: false, handlesAlerts: true, hasTouchScreen: false, javascriptEnabled: true, locationContextEnabled: true, mobileEmulationEnabled: false, nativeEvents: true, networkConnectionEnabled: false, pageLoadStrategy: normal, platform: MAC, platformName: MAC, rotatable: false, setWindowRect: true, takesHeapSnapshot: true, takesScreenshot: true, unexpectedAlertBehaviour: , unhandledPromptBehavior: , version: 66.0.3359.139, webStorageEnabled: true}
Session ID: 3d686ab01bef5be9376d27c061c190c6
*** Element info: {Using=id, value=twotabsearchtextbox}" type="org.openqa.selenium.NoSuchElementException">org.openqa.selenium.NoSuchElementException: no such element: Unable to locate element: {&quot;method&quot;:&quot;id&quot;,&quot;selector&quot;:&quot;twotabsearchtextbox&quot;}
  (Session info: chrome=66.0.3359.139)
  (Driver info: chromedriver=2.37.544337 (8c0344a12e552148c185f7d5117db1f28d6c9e85),platform=Mac OS X 10.13.4 x86_64) (WARNING: The server did not provide any stacktrace information)
Command duration or timeout: 0 milliseconds
For documentation on this error, please visit: http://seleniumhq.org/exceptions/no_such_element.html
Build info: version: &apos;3.11.0&apos;, revision: &apos;e59cfb3&apos;, time: &apos;2018-03-11T20:26:55.152Z&apos;
System info: host: &apos;Nacers-MacBook-Pro.local&apos;, ip: &apos;2604:2000:718b:a700:0:0:0:1%en0&apos;, os.name: &apos;Mac OS X&apos;, os.arch: &apos;x86_64&apos;, os.version: &apos;10.13.4&apos;, java.version: &apos;1.8.0_162&apos;
Driver info: org.openqa.selenium.chrome.ChromeDriver
Capabilities {acceptInsecureCerts: false, acceptSslCerts: false, applicationCacheEnabled: false, browserConnectionEnabled: false, browserName: chrome, chrome: {chromedriverVersion: 2.37.544337 (8c0344a12e5521..., userDataDir: /var/folders/84/j71cjxl51nb...}, cssSelectorsEnabled: true, databaseEnabled: false, handlesAlerts: true, hasTouchScreen: false, javascriptEnabled: true, locationContextEnabled: true, mobileEmulationEnabled: false, nativeEvents: true, networkConnectionEnabled: false, pageLoadStrategy: normal, platform: MAC, platformName: MAC, rotatable: false, setWindowRect: true, takesHeapSnapshot: true, takesScreenshot: true, unexpectedAlertBehaviour: , unhandledPromptBehavior: , version: 66.0.3359.139, webStorageEnabled: true}
Session ID: 3d686ab01bef5be9376d27c061c190c6
*** Element info: {Using=id, value=twotabsearchtextbox}
	at sun.reflect.NativeConstructorAccessorImpl.newInstance0(Native Method)
	at sun.reflect.NativeConstructorAccessorImpl.newInstance(NativeConstructorAccessorImpl.java:62)
	at sun.reflect.DelegatingConstructorAccessorImpl.newInstance(DelegatingConstructorAccessorImpl.java:45)
	at java.lang.reflect.Constructor.newInstance(Constructor.java:423)
	at org.openqa.selenium.remote.ErrorHandler.createThrowable(ErrorHandler.java:214)
	at org.openqa.selenium.remote.ErrorHandler.throwIfResponseFailed(ErrorHandler.java:166)
	at org.openqa.selenium.remote.http.JsonHttpResponseCodec.reconstructValue(JsonHttpResponseCodec.java:40)
	at org.openqa.selenium.remote.http.AbstractHttpResponseCodec.decode(AbstractHttpResponseCodec.java:80)
	at org.openqa.selenium.remote.http.AbstractHttpResponseCodec.decode(AbstractHttpResponseCodec.java:44)
	at org.openqa.selenium.remote.HttpCommandExecutor.execute(HttpCommandExecutor.java:158)
	at org.openqa.selenium.remote.service.DriverCommandExecutor.execute(DriverCommandExecutor.java:83)
	at org.openqa.selenium.remote.RemoteWebDriver.execute(RemoteWebDriver.java:545)
	at org.openqa.selenium.remote.RemoteWebDriver.findElement(RemoteWebDriver.java:319)
	at org.openqa.selenium.remote.RemoteWebDriver.findElementById(RemoteWebDriver.java:365)
	at org.openqa.selenium.By$ById.findElement(By.java:218)
	at org.openqa.selenium.remote.RemoteWebDriver.findElement(RemoteWebDriver.java:311)
	at search.TestLandingPage.test(TestLandingPage.java:12)
</failure>
    <system-err>Starting ChromeDriver 2.37.544337 (8c0344a12e552148c185f7d5117db1f28d6c9e85) on port 45699
Only local connections are allowed.
May 17, 2018 4:35:16 PM org.openqa.selenium.remote.ProtocolHandshake createSession
INFO: Detected dialect: OSS
</system-err>
  </testcase>
  <testcase classname="googlesheet.TestGoogleSheet" name="amzTS05TC01" time="0.616">
    <failure message="401 Unauthorized" type="com.google.api.client.auth.oauth2.TokenResponseException">com.google.api.client.auth.oauth2.TokenResponseException: 401 Unauthorized
	at com.google.api.client.auth.oauth2.TokenResponseException.from(TokenResponseException.java:105)
	at com.google.api.client.auth.oauth2.TokenRequest.executeUnparsed(TokenRequest.java:287)
	at com.google.api.client.auth.oauth2.TokenRequest.execute(TokenRequest.java:307)
	at com.google.api.client.auth.oauth2.Credential.executeRefreshToken(Credential.java:570)
	at com.google.api.client.auth.oauth2.Credential.refreshToken(Credential.java:489)
	at com.google.api.client.auth.oauth2.Credential.intercept(Credential.java:217)
	at com.google.api.client.http.HttpRequest.execute(HttpRequest.java:868)
	at com.google.api.client.googleapis.services.AbstractGoogleClientRequest.executeUnparsed(AbstractGoogleClientRequest.java:419)
	at com.google.api.client.googleapis.services.AbstractGoogleClientRequest.executeUnparsed(AbstractGoogleClientRequest.java:352)
	at com.google.api.client.googleapis.services.AbstractGoogleClientRequest.execute(AbstractGoogleClientRequest.java:469)
	at googlesheet.GoogleSheet.getSpreadSheetRecords(GoogleSheet.java:21)
	at googlesheet.GoogleSheet.searchItemByName(GoogleSheet.java:32)
	at googlesheet.TestGoogleSheet.amzTS05TC01(TestGoogleSheet.java:19)
</failure>
    <system-out>Screenshot captured
C :   Test Google Sheet - M: amz TS 05 TC 01
Credentials saved to /Users/nacer-zimu/IdeaProjects/UltimateWebAutomationFramework/Amazon/.credentials/sheets-googleapis
</system-out>
    <system-err>Starting ChromeDriver 2.37.544337 (8c0344a12e552148c185f7d5117db1f28d6c9e85) on port 36907
Only local connections are allowed.
May 17, 2018 4:35:35 PM org.openqa.selenium.remote.ProtocolHandshake createSession
INFO: Detected dialect: OSS
</system-err>
  </testcase>
  <testcase classname="search.TestSearch" name="testReadFromFile" time="10.294">
    <failure message="no such element: Unable to locate element: {&quot;method&quot;:&quot;css selector&quot;,&quot;selector&quot;:&quot;#twotabsearchtextbox&quot;}
  (Session info: chrome=66.0.3359.139)
  (Driver info: chromedriver=2.37.544337 (8c0344a12e552148c185f7d5117db1f28d6c9e85),platform=Mac OS X 10.13.4 x86_64) (WARNING: The server did not provide any stacktrace information)
Command duration or timeout: 0 milliseconds
For documentation on this error, please visit: http://seleniumhq.org/exceptions/no_such_element.html
Build info: version: &apos;3.11.0&apos;, revision: &apos;e59cfb3&apos;, time: &apos;2018-03-11T20:26:55.152Z&apos;
System info: host: &apos;Nacers-MacBook-Pro.local&apos;, ip: &apos;2604:2000:718b:a700:0:0:0:1%en0&apos;, os.name: &apos;Mac OS X&apos;, os.arch: &apos;x86_64&apos;, os.version: &apos;10.13.4&apos;, java.version: &apos;1.8.0_162&apos;
Driver info: org.openqa.selenium.chrome.ChromeDriver
Capabilities {acceptInsecureCerts: false, acceptSslCerts: false, applicationCacheEnabled: false, browserConnectionEnabled: false, browserName: chrome, chrome: {chromedriverVersion: 2.37.544337 (8c0344a12e5521..., userDataDir: /var/folders/84/j71cjxl51nb...}, cssSelectorsEnabled: true, databaseEnabled: false, handlesAlerts: true, hasTouchScreen: false, javascriptEnabled: true, locationContextEnabled: true, mobileEmulationEnabled: false, nativeEvents: true, networkConnectionEnabled: false, pageLoadStrategy: normal, platform: MAC, platformName: MAC, rotatable: false, setWindowRect: true, takesHeapSnapshot: true, takesScreenshot: true, unexpectedAlertBehaviour: , unhandledPromptBehavior: , version: 66.0.3359.139, webStorageEnabled: true}
Session ID: 47a8346b016c89d65f807c0fa8ecebbc
*** Element info: {Using=css selector, value=#twotabsearchtextbox}" type="org.openqa.selenium.NoSuchElementException">org.openqa.selenium.NoSuchElementException: no such element: Unable to locate element: {&quot;method&quot;:&quot;css selector&quot;,&quot;selector&quot;:&quot;#twotabsearchtextbox&quot;}
  (Session info: chrome=66.0.3359.139)
  (Driver info: chromedriver=2.37.544337 (8c0344a12e552148c185f7d5117db1f28d6c9e85),platform=Mac OS X 10.13.4 x86_64) (WARNING: The server did not provide any stacktrace information)
Command duration or timeout: 0 milliseconds
For documentation on this error, please visit: http://seleniumhq.org/exceptions/no_such_element.html
Build info: version: &apos;3.11.0&apos;, revision: &apos;e59cfb3&apos;, time: &apos;2018-03-11T20:26:55.152Z&apos;
System info: host: &apos;Nacers-MacBook-Pro.local&apos;, ip: &apos;2604:2000:718b:a700:0:0:0:1%en0&apos;, os.name: &apos;Mac OS X&apos;, os.arch: &apos;x86_64&apos;, os.version: &apos;10.13.4&apos;, java.version: &apos;1.8.0_162&apos;
Driver info: org.openqa.selenium.chrome.ChromeDriver
Capabilities {acceptInsecureCerts: false, acceptSslCerts: false, applicationCacheEnabled: false, browserConnectionEnabled: false, browserName: chrome, chrome: {chromedriverVersion: 2.37.544337 (8c0344a12e5521..., userDataDir: /var/folders/84/j71cjxl51nb...}, cssSelectorsEnabled: true, databaseEnabled: false, handlesAlerts: true, hasTouchScreen: false, javascriptEnabled: true, locationContextEnabled: true, mobileEmulationEnabled: false, nativeEvents: true, networkConnectionEnabled: false, pageLoadStrategy: normal, platform: MAC, platformName: MAC, rotatable: false, setWindowRect: true, takesHeapSnapshot: true, takesScreenshot: true, unexpectedAlertBehaviour: , unhandledPromptBehavior: , version: 66.0.3359.139, webStorageEnabled: true}
Session ID: 47a8346b016c89d65f807c0fa8ecebbc
*** Element info: {Using=css selector, value=#twotabsearchtextbox}
	at sun.reflect.NativeConstructorAccessorImpl.newInstance0(Native Method)
	at sun.reflect.NativeConstructorAccessorImpl.newInstance(NativeConstructorAccessorImpl.java:62)
	at sun.reflect.DelegatingConstructorAccessorImpl.newInstance(DelegatingConstructorAccessorImpl.java:45)
	at java.lang.reflect.Constructor.newInstance(Constructor.java:423)
	at org.openqa.selenium.remote.ErrorHandler.createThrowable(ErrorHandler.java:214)
	at org.openqa.selenium.remote.ErrorHandler.throwIfResponseFailed(ErrorHandler.java:166)
	at org.openqa.selenium.remote.http.JsonHttpResponseCodec.reconstructValue(JsonHttpResponseCodec.java:40)
	at org.openqa.selenium.remote.http.AbstractHttpResponseCodec.decode(AbstractHttpResponseCodec.java:80)
	at org.openqa.selenium.remote.http.AbstractHttpResponseCodec.decode(AbstractHttpResponseCodec.java:44)
	at org.openqa.selenium.remote.HttpCommandExecutor.execute(HttpCommandExecutor.java:158)
	at org.openqa.selenium.remote.service.DriverCommandExecutor.execute(DriverCommandExecutor.java:83)
	at org.openqa.selenium.remote.RemoteWebDriver.execute(RemoteWebDriver.java:545)
	at org.openqa.selenium.remote.RemoteWebDriver.findElement(RemoteWebDriver.java:319)
	at org.openqa.selenium.remote.RemoteWebDriver.findElementByCssSelector(RemoteWebDriver.java:413)
	at org.openqa.selenium.By$ByCssSelector.findElement(By.java:430)
	at org.openqa.selenium.remote.RemoteWebDriver.findElement(RemoteWebDriver.java:311)
	at org.openqa.selenium.support.pagefactory.DefaultElementLocator.findElement(DefaultElementLocator.java:69)
	at org.openqa.selenium.support.pagefactory.internal.LocatingElementHandler.invoke(LocatingElementHandler.java:38)
	at com.sun.proxy.$Proxy12.sendKeys(Unknown Source)
	at home.SearchPage.searchFor(SearchPage.java:30)
	at home.SearchPage.searchItemsAndSubmitutton(SearchPage.java:42)
	at search.TestSearch.testReadFromFile(TestSearch.java:27)
</failure>
    <system-out>Screenshot captured
</system-out>
    <system-err>Starting ChromeDriver 2.37.544337 (8c0344a12e552148c185f7d5117db1f28d6c9e85) on port 41318
Only local connections are allowed.
May 17, 2018 4:35:43 PM org.openqa.selenium.remote.ProtocolHandshake createSession
INFO: Detected dialect: OSS
</system-err>
  </testcase>
</testsuite>