<?xml version="1.0" encoding="UTF-8"?>
<!-- Generated by org.testng.reporters.JUnitXMLReporter -->
<testsuite hostname="Nacers-MacBook-Pro.local" ignored="0" name="HBO Search" tests="5" failures="0" timestamp="17 May 2018 20:34:55 GMT" time="28.538" errors="0">
  <testcase name="testBoxing" time="1.445" classname="testclickonelement.TestClickOnElement"/>
  <testcase name="testKis" time="2.01" classname="testclickonelement.TestClickOnElement"/>
  <testcase name="testMovies" time="1.523" classname="testclickonelement.TestClickOnElement"/>
  <testcase name="testSeries" time="0.036" classname="testclickonelement.TestClickOnElement"/>
  <testcase name="testSpecials" time="1.465" classname="testclickonelement.TestClickOnElement"/>
</testsuite> <!-- HBO Search -->
