<?xml version="1.0" encoding="UTF-8"?>
<testng-results skipped="0" failed="0" ignored="0" total="1" passed="1">
  <reporter-output>
    <line>
      <![CDATA[Extent Report Directory/Users/nacer-zimu/IdeaProjects/UltimateWebAutomationFramework/Amazon/test-output/html]]>
    </line>
  </reporter-output>
  <suite name="Amazon Automation Script " duration-ms="12405" started-at="2018-05-11T15:20:50Z" finished-at="2018-05-11T15:21:02Z">
    <groups>
    </groups>
    <test name="Amazon Home" duration-ms="12405" started-at="2018-05-11T15:20:50Z" finished-at="2018-05-11T15:21:02Z">
      <class name="search.TestLandingPage">
        <test-method status="PASS" signature="extentSetup(org.testng.ITestContext)[pri:0, instance:search.TestLandingPage@49fc609f]" name="extentSetup" is-config="true" duration-ms="226" started-at="2018-05-11T15:20:50Z" finished-at="2018-05-11T15:20:50Z">
          <params>
            <param index="0">
              <value>
                <![CDATA[org.testng.TestRunner@740d2e78]]>
              </value>
            </param>
          </params>
          <reporter-output>
            <line>
              <![CDATA[Extent Report Directory/Users/nacer-zimu/IdeaProjects/UltimateWebAutomationFramework/Amazon/test-output/html]]>
            </line>
          </reporter-output>
        </test-method> <!-- extentSetup -->
        <test-method status="PASS" signature="setUp(boolean, java.lang.String, java.lang.String, java.lang.String, java.lang.String, java.lang.String, java.lang.String)[pri:0, instance:search.TestLandingPage@49fc609f]" name="setUp" is-config="true" duration-ms="4616" started-at="2018-05-11T15:20:50Z" finished-at="2018-05-11T15:20:54Z">
          <params>
            <param index="0">
              <value>
                <![CDATA[false]]>
              </value>
            </param>
            <param index="1">
              <value>
                <![CDATA[browserstack]]>
              </value>
            </param>
            <param index="2">
              <value>
                <![CDATA[OS X]]>
              </value>
            </param>
            <param index="3">
              <value>
                <![CDATA[Sierra]]>
              </value>
            </param>
            <param index="4">
              <value>
                <![CDATA[chrome]]>
              </value>
            </param>
            <param index="5">
              <value>
                <![CDATA[60.0]]>
              </value>
            </param>
            <param index="6">
              <value>
                <![CDATA[https://www.amazon.com]]>
              </value>
            </param>
          </params>
          <reporter-output>
          </reporter-output>
        </test-method> <!-- setUp -->
        <test-method status="PASS" signature="startExtent(java.lang.reflect.Method)[pri:0, instance:search.TestLandingPage@49fc609f]" name="startExtent" is-config="true" duration-ms="6" started-at="2018-05-11T15:20:54Z" finished-at="2018-05-11T15:20:54Z">
          <params>
            <param index="0">
              <value>
                <![CDATA[public void search.TestLandingPage.test()]]>
              </value>
            </param>
          </params>
          <reporter-output>
          </reporter-output>
        </test-method> <!-- startExtent -->
        <test-method status="PASS" signature="test()[pri:0, instance:search.TestLandingPage@49fc609f]" name="test" duration-ms="7235" started-at="2018-05-11T15:20:54Z" finished-at="2018-05-11T15:21:02Z">
          <reporter-output>
          </reporter-output>
        </test-method> <!-- test -->
        <test-method status="PASS" signature="afterEachTestMethod(org.testng.ITestResult)[pri:0, instance:search.TestLandingPage@49fc609f]" name="afterEachTestMethod" is-config="true" duration-ms="530" started-at="2018-05-11T15:21:02Z" finished-at="2018-05-11T15:21:02Z">
          <params>
            <param index="0">
              <value>
                <![CDATA[[TestResult name=test status=SUCCESS method=TestLandingPage.test()[pri:0, instance:search.TestLandingPage@49fc609f] output={null}]]]>
              </value>
            </param>
          </params>
          <reporter-output>
          </reporter-output>
        </test-method> <!-- afterEachTestMethod -->
        <test-method status="PASS" signature="afterMethod()[pri:0, instance:search.TestLandingPage@49fc609f]" name="afterMethod" is-config="true" duration-ms="1" started-at="2018-05-11T15:21:02Z" finished-at="2018-05-11T15:21:02Z">
          <reporter-output>
          </reporter-output>
        </test-method> <!-- afterMethod -->
        <test-method status="PASS" signature="generateReport()[pri:0, instance:search.TestLandingPage@49fc609f]" name="generateReport" is-config="true" duration-ms="42" started-at="2018-05-11T15:21:02Z" finished-at="2018-05-11T15:21:02Z">
          <reporter-output>
          </reporter-output>
        </test-method> <!-- generateReport -->
      </class> <!-- search.TestLandingPage -->
    </test> <!-- Amazon Home -->
  </suite> <!-- Amazon Automation Script  -->
</testng-results>
