<?xml version="1.0" encoding="UTF-8"?>
<testsuite xmlns:xsi="http://www.w3.org/2001/XMLSchema-instance" xsi:noNamespaceSchemaLocation="https://maven.apache.org/surefire/maven-surefire-plugin/xsd/surefire-test-report.xsd" name="TestSuite" time="29.226" tests="5" errors="0" skipped="0" failures="0">
  <properties>
[...]
</properties>
  <testcase name="testBoxing" classname="testclickonelement.TestClickOnElement" time="1.445"/>
  <testcase name="testKis" classname="testclickonelement.TestClickOnElement" time="2.01"/>
  <testcase name="testMovies" classname="testclickonelement.TestClickOnElement" time="1.523"/>
  <testcase name="testSeries" classname="testclickonelement.TestClickOnElement" time="0.035"/>
  <testcase name="testSpecials" classname="testclickonelement.TestClickOnElement" time="1.465"/>
</testsuite>