<?xml version="1.0" encoding="UTF-8"?>
<!-- Generated by org.testng.reporters.JUnitXMLReporter -->
<testsuite hostname="Nacers-MacBook-Pro.local" ignored="0" name="Command line test" tests="1" failures="0" timestamp="27 Apr 2018 11:38:15 GMT" time="0.157" errors="0">
  <testcase name="@BeforeMethod setUp" time="0.138" classname="base.CommomAPI">
    <failure type="java.lang.IllegalStateException" message="The driver executable does not exist: /Users/nacer-zimu/IdeaProjects/WebAutomationFrameworkProject2/HBO/../Generic/Driver/geckodriver">
      <![CDATA[java.lang.IllegalStateException: The driver executable does not exist: /Users/nacer-zimu/IdeaProjects/WebAutomationFrameworkProject2/HBO/../Generic/Driver/geckodriver
at com.google.common.base.Preconditions.checkState(Preconditions.java:585)
at org.openqa.selenium.remote.service.DriverService.checkExecutable(DriverService.java:136)
at org.openqa.selenium.remote.service.DriverService.findExecutable(DriverService.java:131)
at org.openqa.selenium.firefox.GeckoDriverService.access$100(GeckoDriverService.java:41)
at org.openqa.selenium.firefox.GeckoDriverService$Builder.findDefaultExecutable(GeckoDriverService.java:141)
at org.openqa.selenium.remote.service.DriverService$Builder.build(DriverService.java:339)
at org.openqa.selenium.firefox.FirefoxDriver.toExecutor(FirefoxDriver.java:158)
at org.openqa.selenium.firefox.FirefoxDriver.<init>(FirefoxDriver.java:120)
at org.openqa.selenium.firefox.FirefoxDriver.<init>(FirefoxDriver.java:98)
at base.CommomAPI.getLocalDriver(CommomAPI.java:53)
at base.CommomAPI.setUp(CommomAPI.java:31)
... Removed 37 stack frames]]>
    </failure>
  </testcase> <!-- @BeforeMethod setUp -->
  <testcase name="searchGOT" time="0.0" classname="testsearch.TestSearch">
    <skipped/>
  </testcase> <!-- searchGOT -->
</testsuite> <!-- Command line test -->
